{"C:\\Users\\suzan\\Documents\\GitHub\\Portofolios\\To-Do-List\\src\\__test__\\mocks.js": {"path":"C:\\Users\\suzan\\Documents\\GitHub\\Portofolios\\To-Do-List\\src\\__test__\\mocks.js","statementMap":{"0":{"start":{"line":2,"column":22},"end":{"line":19,"column":1}},"1":{"start":{"line":4,"column":12},"end":{"line":7,"column":3}},"2":{"start":{"line":8,"column":2},"end":{"line":8,"column":50}},"3":{"start":{"line":9,"column":2},"end":{"line":9,"column":47}},"4":{"start":{"line":10,"column":2},"end":{"line":10,"column":20}},"5":{"start":{"line":11,"column":2},"end":{"line":16,"column":5}},"6":{"start":{"line":12,"column":4},"end":{"line":14,"column":5}},"7":{"start":{"line":13,"column":6},"end":{"line":13,"column":22}},"8":{"start":{"line":15,"column":4},"end":{"line":15,"column":13}},"9":{"start":{"line":17,"column":2},"end":{"line":17,"column":50}},"10":{"start":{"line":18,"column":2},"end":{"line":18,"column":13}},"11":{"start":{"line":22,"column":19},"end":{"line":37,"column":1}},"12":{"start":{"line":23,"column":12},"end":{"line":23,"column":14}},"13":{"start":{"line":25,"column":16},"end":{"line":25,"column":21}},"14":{"start":{"line":26,"column":17},"end":{"line":26,"column":66}},"15":{"start":{"line":27,"column":2},"end":{"line":35,"column":3}},"16":{"start":{"line":28,"column":4},"end":{"line":28,"column":21}},"17":{"start":{"line":29,"column":4},"end":{"line":29,"column":52}},"18":{"start":{"line":31,"column":23},"end":{"line":31,"column":49}},"19":{"start":{"line":32,"column":4},"end":{"line":32,"column":33}},"20":{"start":{"line":33,"column":4},"end":{"line":33,"column":21}},"21":{"start":{"line":34,"column":4},"end":{"line":34,"column":52}},"22":{"start":{"line":36,"column":2},"end":{"line":36,"column":28}},"23":{"start":{"line":40,"column":20},"end":{"line":58,"column":1}},"24":{"start":{"line":41,"column":12},"end":{"line":44,"column":3}},"25":{"start":{"line":45,"column":2},"end":{"line":45,"column":50}},"26":{"start":{"line":46,"column":21},"end":{"line":46,"column":47}},"27":{"start":{"line":47,"column":2},"end":{"line":47,"column":31}},"28":{"start":{"line":49,"column":21},"end":{"line":54,"column":4}},"29":{"start":{"line":50,"column":4},"end":{"line":52,"column":5}},"30":{"start":{"line":51,"column":6},"end":{"line":51,"column":35}},"31":{"start":{"line":53,"column":4},"end":{"line":53,"column":16}},"32":{"start":{"line":56,"column":2},"end":{"line":56,"column":57}},"33":{"start":{"line":57,"column":2},"end":{"line":57,"column":13}},"34":{"start":{"line":61,"column":24},"end":{"line":81,"column":1}},"35":{"start":{"line":62,"column":12},"end":{"line":65,"column":3}},"36":{"start":{"line":66,"column":2},"end":{"line":66,"column":50}},"37":{"start":{"line":67,"column":21},"end":{"line":67,"column":47}},"38":{"start":{"line":68,"column":2},"end":{"line":68,"column":31}},"39":{"start":{"line":70,"column":2},"end":{"line":79,"column":3}},"40":{"start":{"line":71,"column":4},"end":{"line":71,"column":48}},"41":{"start":{"line":72,"column":23},"end":{"line":77,"column":6}},"42":{"start":{"line":73,"column":6},"end":{"line":75,"column":7}},"43":{"start":{"line":74,"column":8},"end":{"line":74,"column":29}},"44":{"start":{"line":76,"column":6},"end":{"line":76,"column":18}},"45":{"start":{"line":78,"column":4},"end":{"line":78,"column":59}},"46":{"start":{"line":80,"column":2},"end":{"line":80,"column":13}},"47":{"start":{"line":83,"column":25},"end":{"line":108,"column":1}},"48":{"start":{"line":84,"column":14},"end":{"line":88,"column":3}},"49":{"start":{"line":89,"column":2},"end":{"line":89,"column":50}},"50":{"start":{"line":90,"column":21},"end":{"line":90,"column":47}},"51":{"start":{"line":91,"column":16},"end":{"line":91,"column":38}},"52":{"start":{"line":93,"column":2},"end":{"line":97,"column":3}},"53":{"start":{"line":93,"column":20},"end":{"line":93,"column":38}},"54":{"start":{"line":94,"column":4},"end":{"line":96,"column":5}},"55":{"start":{"line":95,"column":6},"end":{"line":95,"column":32}},"56":{"start":{"line":99,"column":21},"end":{"line":104,"column":4}},"57":{"start":{"line":100,"column":4},"end":{"line":102,"column":5}},"58":{"start":{"line":101,"column":6},"end":{"line":101,"column":33}},"59":{"start":{"line":103,"column":4},"end":{"line":103,"column":24}},"60":{"start":{"line":105,"column":2},"end":{"line":105,"column":57}},"61":{"start":{"line":107,"column":2},"end":{"line":107,"column":20}}},"fnMap":{"0":{"name":"(anonymous_0)","decl":{"start":{"line":2,"column":22},"end":{"line":2,"column":23}},"loc":{"start":{"line":2,"column":30},"end":{"line":19,"column":1}},"line":2},"1":{"name":"(anonymous_1)","decl":{"start":{"line":11,"column":13},"end":{"line":11,"column":14}},"loc":{"start":{"line":11,"column":27},"end":{"line":16,"column":3}},"line":11},"2":{"name":"(anonymous_2)","decl":{"start":{"line":22,"column":19},"end":{"line":22,"column":20}},"loc":{"start":{"line":22,"column":30},"end":{"line":37,"column":1}},"line":22},"3":{"name":"(anonymous_3)","decl":{"start":{"line":40,"column":20},"end":{"line":40,"column":21}},"loc":{"start":{"line":40,"column":39},"end":{"line":58,"column":1}},"line":40},"4":{"name":"(anonymous_4)","decl":{"start":{"line":49,"column":32},"end":{"line":49,"column":33}},"loc":{"start":{"line":49,"column":42},"end":{"line":54,"column":3}},"line":49},"5":{"name":"(anonymous_5)","decl":{"start":{"line":61,"column":24},"end":{"line":61,"column":25}},"loc":{"start":{"line":61,"column":46},"end":{"line":81,"column":1}},"line":61},"6":{"name":"(anonymous_6)","decl":{"start":{"line":72,"column":34},"end":{"line":72,"column":35}},"loc":{"start":{"line":72,"column":44},"end":{"line":77,"column":5}},"line":72},"7":{"name":"(anonymous_7)","decl":{"start":{"line":83,"column":25},"end":{"line":83,"column":26}},"loc":{"start":{"line":83,"column":31},"end":{"line":108,"column":1}},"line":83},"8":{"name":"(anonymous_8)","decl":{"start":{"line":99,"column":36},"end":{"line":99,"column":37}},"loc":{"start":{"line":99,"column":61},"end":{"line":104,"column":3}},"line":99}},"branchMap":{"0":{"loc":{"start":{"line":12,"column":4},"end":{"line":14,"column":5}},"type":"if","locations":[{"start":{"line":12,"column":4},"end":{"line":14,"column":5}},{"start":{},"end":{}}],"line":12},"1":{"loc":{"start":{"line":27,"column":2},"end":{"line":35,"column":3}},"type":"if","locations":[{"start":{"line":27,"column":2},"end":{"line":35,"column":3}},{"start":{"line":30,"column":9},"end":{"line":35,"column":3}}],"line":27},"2":{"loc":{"start":{"line":50,"column":4},"end":{"line":52,"column":5}},"type":"if","locations":[{"start":{"line":50,"column":4},"end":{"line":52,"column":5}},{"start":{},"end":{}}],"line":50},"3":{"loc":{"start":{"line":70,"column":2},"end":{"line":79,"column":3}},"type":"if","locations":[{"start":{"line":70,"column":2},"end":{"line":79,"column":3}},{"start":{},"end":{}}],"line":70},"4":{"loc":{"start":{"line":73,"column":6},"end":{"line":75,"column":7}},"type":"if","locations":[{"start":{"line":73,"column":6},"end":{"line":75,"column":7}},{"start":{},"end":{}}],"line":73},"5":{"loc":{"start":{"line":94,"column":4},"end":{"line":96,"column":5}},"type":"if","locations":[{"start":{"line":94,"column":4},"end":{"line":96,"column":5}},{"start":{},"end":{}}],"line":94},"6":{"loc":{"start":{"line":100,"column":4},"end":{"line":102,"column":5}},"type":"if","locations":[{"start":{"line":100,"column":4},"end":{"line":102,"column":5}},{"start":{},"end":{}}],"line":100}},"s":{"0":1,"1":1,"2":1,"3":1,"4":1,"5":1,"6":1,"7":1,"8":1,"9":1,"10":1,"11":1,"12":1,"13":1,"14":1,"15":1,"16":1,"17":1,"18":0,"19":0,"20":0,"21":0,"22":1,"23":1,"24":1,"25":1,"26":1,"27":1,"28":1,"29":2,"30":1,"31":2,"32":1,"33":1,"34":1,"35":1,"36":1,"37":1,"38":1,"39":1,"40":1,"41":1,"42":2,"43":1,"44":2,"45":1,"46":1,"47":1,"48":1,"49":1,"50":1,"51":1,"52":1,"53":1,"54":3,"55":2,"56":1,"57":1,"58":1,"59":1,"60":1,"61":1},"f":{"0":1,"1":1,"2":1,"3":1,"4":2,"5":1,"6":2,"7":1,"8":1},"b":{"0":[1,0],"1":[1,0],"2":[1,1],"3":[1,0],"4":[1,1],"5":[2,1],"6":[1,0]},"_coverageSchema":"1a1c01bbd47fc00a2c39e90264f33305004495a9","hash":"dd62feeec8f9d295db211656a430f1ad2a8314df"}
}
