TN:
SF:src\__test__\mocks.js
FN:2,(anonymous_0)
FN:11,(anonymous_1)
FN:22,(anonymous_2)
FN:40,(anonymous_3)
FN:49,(anonymous_4)
FN:61,(anonymous_5)
FN:72,(anonymous_6)
FN:83,(anonymous_7)
FN:99,(anonymous_8)
FNF:9
FNH:9
FNDA:1,(anonymous_0)
FNDA:1,(anonymous_1)
FNDA:1,(anonymous_2)
FNDA:1,(anonymous_3)
FNDA:2,(anonymous_4)
FNDA:1,(anonymous_5)
FNDA:2,(anonymous_6)
FNDA:1,(anonymous_7)
FNDA:1,(anonymous_8)
DA:2,1
DA:4,1
DA:8,1
DA:9,1
DA:10,1
DA:11,1
DA:12,1
DA:13,1
DA:15,1
DA:17,1
DA:18,1
DA:22,1
DA:23,1
DA:25,1
DA:26,1
DA:27,1
DA:28,1
DA:29,1
DA:31,0
DA:32,0
DA:33,0
DA:34,0
DA:36,1
DA:40,1
DA:41,1
DA:45,1
DA:46,1
DA:47,1
DA:49,1
DA:50,2
DA:51,1
DA:53,2
DA:56,1
DA:57,1
DA:61,1
DA:62,1
DA:66,1
DA:67,1
DA:68,1
DA:70,1
DA:71,1
DA:72,1
DA:73,2
DA:74,1
DA:76,2
DA:78,1
DA:80,1
DA:83,1
DA:84,1
DA:89,1
DA:90,1
DA:91,1
DA:93,1
DA:94,3
DA:95,2
DA:99,1
DA:100,1
DA:101,1
DA:103,1
DA:105,1
DA:107,1
LF:61
LH:57
BRDA:12,0,0,1
BRDA:12,0,1,0
BRDA:27,1,0,1
BRDA:27,1,1,0
BRDA:50,2,0,1
BRDA:50,2,1,1
BRDA:70,3,0,1
BRDA:70,3,1,0
BRDA:73,4,0,1
BRDA:73,4,1,1
BRDA:94,5,0,2
BRDA:94,5,1,1
BRDA:100,6,0,1
BRDA:100,6,1,0
BRF:14
BRH:10
end_of_record
